<?xml version="1.0" encoding="UTF-8"?>
<testng-results ignored="6" total="13" passed="7" failed="0" skipped="0">
  <reporter-output>
  </reporter-output>
  <suite started-at="2023-11-23T12:51:35 JST" name="Suite" finished-at="2023-11-23T12:53:27 JST" duration-ms="112147">
    <groups>
      <group name="cucumber">
        <method signature="AbstractTestNGCucumberTests.runScenario(io.cucumber.testng.PickleWrapper,io.cucumber.testng.FeatureWrapper)[pri:0, instance:com.testcases.CreateLead@536f2a7e]" name="runScenario" class="io.cucumber.testng.AbstractTestNGCucumberTests"/>
        <method signature="AbstractTestNGCucumberTests.runScenario(io.cucumber.testng.PickleWrapper,io.cucumber.testng.FeatureWrapper)[pri:0, instance:com.testcases.DeleteLead@66982506]" name="runScenario" class="io.cucumber.testng.AbstractTestNGCucumberTests"/>
        <method signature="AbstractTestNGCucumberTests.runScenario(io.cucumber.testng.PickleWrapper,io.cucumber.testng.FeatureWrapper)[pri:0, instance:com.testcases.EditLead@72bc6553]" name="runScenario" class="io.cucumber.testng.AbstractTestNGCucumberTests"/>
        <method signature="AbstractTestNGCucumberTests.runScenario(io.cucumber.testng.PickleWrapper,io.cucumber.testng.FeatureWrapper)[pri:0, instance:com.testcases.Login@25be7b63]" name="runScenario" class="io.cucumber.testng.AbstractTestNGCucumberTests"/>
      </group> <!-- cucumber -->
    </groups>
    <test started-at="2023-11-23T12:51:35 JST" name="Test" finished-at="2023-11-23T12:53:27 JST" duration-ms="112147">
      <class name="com.testcases.EditLead">
        <test-method is-config="true" signature="setValues()[pri:0, instance:com.testcases.EditLead@72bc6553]" started-at="2023-11-23T12:51:35 JST" name="setValues" finished-at="2023-11-23T12:51:35 JST" duration-ms="0" status="PASS">
          <reporter-output>
          </reporter-output>
        </test-method> <!-- setValues -->
        <test-method is-config="true" signature="setUpClass(org.testng.ITestContext)[pri:0, instance:com.testcases.EditLead@72bc6553]" started-at="2023-11-23T12:52:15 JST" name="setUpClass" finished-at="2023-11-23T12:52:15 JST" duration-ms="9" status="PASS">
          <params>
            <param index="0">
              <value>
                <![CDATA[org.testng.TestRunner@47c81e89]]>
              </value>
            </param>
          </params>
          <reporter-output>
          </reporter-output>
        </test-method> <!-- setUpClass -->
        <test-method is-config="true" signature="preCondition()[pri:0, instance:com.testcases.EditLead@72bc6553]" started-at="2023-11-23T12:52:15 JST" name="preCondition" finished-at="2023-11-23T12:52:19 JST" duration-ms="3685" status="PASS">
          <reporter-output>
          </reporter-output>
        </test-method> <!-- preCondition -->
        <test-method is-config="true" signature="testDetails()[pri:0, instance:com.testcases.EditLead@72bc6553]" started-at="2023-11-23T12:52:15 JST" name="testDetails" finished-at="2023-11-23T12:52:15 JST" duration-ms="0" status="PASS">
          <reporter-output>
          </reporter-output>
        </test-method> <!-- testDetails -->
        <test-method signature="runScenario(io.cucumber.testng.PickleWrapper,io.cucumber.testng.FeatureWrapper)[pri:0, instance:com.testcases.EditLead@72bc6553]" started-at="2023-11-23T12:52:19 JST" name="runScenario" description="Runs Cucumber Scenarios" data-provider="scenarios" finished-at="2023-11-23T12:52:33 JST" duration-ms="13758" status="PASS">
          <params>
            <param index="0">
              <value>
                <![CDATA["Edit  Companyname in Leads"]]>
              </value>
            </param>
            <param index="1">
              <value>
                <![CDATA["EditLead Functionality"]]>
              </value>
            </param>
          </params>
          <reporter-output>
          </reporter-output>
        </test-method> <!-- runScenario -->
        <test-method is-config="true" signature="postCondition()[pri:0, instance:com.testcases.EditLead@72bc6553]" started-at="2023-11-23T12:52:33 JST" name="postCondition" finished-at="2023-11-23T12:52:33 JST" duration-ms="101" status="PASS">
          <reporter-output>
          </reporter-output>
        </test-method> <!-- postCondition -->
        <test-method is-config="true" signature="preCondition()[pri:0, instance:com.testcases.EditLead@72bc6553]" started-at="2023-11-23T12:52:33 JST" name="preCondition" finished-at="2023-11-23T12:52:36 JST" duration-ms="2728" status="PASS">
          <reporter-output>
          </reporter-output>
        </test-method> <!-- preCondition -->
        <test-method signature="runScenario(io.cucumber.testng.PickleWrapper,io.cucumber.testng.FeatureWrapper)[pri:0, instance:com.testcases.EditLead@72bc6553]" started-at="2023-11-23T12:52:36 JST" name="runScenario" description="Runs Cucumber Scenarios" data-provider="scenarios" finished-at="2023-11-23T12:52:49 JST" duration-ms="13159" status="PASS">
          <params>
            <param index="0">
              <value>
                <![CDATA["Edit  Companyname in Leads"]]>
              </value>
            </param>
            <param index="1">
              <value>
                <![CDATA["EditLead Functionality"]]>
              </value>
            </param>
          </params>
          <reporter-output>
          </reporter-output>
        </test-method> <!-- runScenario -->
        <test-method is-config="true" signature="postCondition()[pri:0, instance:com.testcases.EditLead@72bc6553]" started-at="2023-11-23T12:52:49 JST" name="postCondition" finished-at="2023-11-23T12:52:49 JST" duration-ms="114" status="PASS">
          <reporter-output>
          </reporter-output>
        </test-method> <!-- postCondition -->
        <test-method is-config="true" signature="tearDownClass()[pri:0, instance:com.testcases.EditLead@72bc6553]" started-at="2023-11-23T12:52:49 JST" name="tearDownClass" finished-at="2023-11-23T12:52:52 JST" duration-ms="2676" status="PASS">
          <reporter-output>
          </reporter-output>
        </test-method> <!-- tearDownClass -->
      </class> <!-- com.testcases.EditLead -->
      <class name="com.testcases.Login">
        <test-method is-config="true" signature="startReport()[pri:0, instance:com.testcases.Login@25be7b63]" started-at="2023-11-23T12:51:34 JST" name="startReport" finished-at="2023-11-23T12:51:35 JST" duration-ms="467" status="PASS">
          <reporter-output>
          </reporter-output>
        </test-method> <!-- startReport -->
        <test-method is-config="true" signature="setValues()[pri:0, instance:com.testcases.Login@25be7b63]" started-at="2023-11-23T12:51:35 JST" name="setValues" finished-at="2023-11-23T12:51:35 JST" duration-ms="0" status="PASS">
          <reporter-output>
          </reporter-output>
        </test-method> <!-- setValues -->
        <test-method is-config="true" signature="setUpClass(org.testng.ITestContext)[pri:0, instance:com.testcases.Login@25be7b63]" started-at="2023-11-23T12:51:35 JST" name="setUpClass" finished-at="2023-11-23T12:51:35 JST" duration-ms="566" status="PASS">
          <params>
            <param index="0">
              <value>
                <![CDATA[org.testng.TestRunner@47c81e89]]>
              </value>
            </param>
          </params>
          <reporter-output>
          </reporter-output>
        </test-method> <!-- setUpClass -->
        <test-method is-config="true" signature="testDetails()[pri:0, instance:com.testcases.Login@25be7b63]" started-at="2023-11-23T12:51:35 JST" name="testDetails" finished-at="2023-11-23T12:51:35 JST" duration-ms="4" status="PASS">
          <reporter-output>
          </reporter-output>
        </test-method> <!-- testDetails -->
        <test-method is-config="true" signature="preCondition()[pri:0, instance:com.testcases.Login@25be7b63]" started-at="2023-11-23T12:51:35 JST" name="preCondition" finished-at="2023-11-23T12:51:42 JST" duration-ms="6369" status="PASS">
          <reporter-output>
          </reporter-output>
        </test-method> <!-- preCondition -->
        <test-method signature="runScenario(io.cucumber.testng.PickleWrapper,io.cucumber.testng.FeatureWrapper)[pri:0, instance:com.testcases.Login@25be7b63]" started-at="2023-11-23T12:51:42 JST" name="runScenario" description="Runs Cucumber Scenarios" data-provider="scenarios" finished-at="2023-11-23T12:51:43 JST" duration-ms="812" status="PASS">
          <params>
            <param index="0">
              <value>
                <![CDATA["Login with Positive Credentials"]]>
              </value>
            </param>
            <param index="1">
              <value>
                <![CDATA["Leaftaps Login functionality"]]>
              </value>
            </param>
          </params>
          <reporter-output>
          </reporter-output>
        </test-method> <!-- runScenario -->
        <test-method is-config="true" signature="postCondition()[pri:0, instance:com.testcases.Login@25be7b63]" started-at="2023-11-23T12:51:43 JST" name="postCondition" finished-at="2023-11-23T12:51:43 JST" duration-ms="136" status="PASS">
          <reporter-output>
          </reporter-output>
        </test-method> <!-- postCondition -->
        <test-method is-config="true" signature="tearDownClass()[pri:0, instance:com.testcases.Login@25be7b63]" started-at="2023-11-23T12:51:43 JST" name="tearDownClass" finished-at="2023-11-23T12:51:45 JST" duration-ms="2573" status="PASS">
          <reporter-output>
          </reporter-output>
        </test-method> <!-- tearDownClass -->
        <test-method is-config="true" signature="endReport()[pri:0, instance:com.testcases.Login@25be7b63]" started-at="2023-11-23T12:53:27 JST" name="endReport" finished-at="2023-11-23T12:53:28 JST" duration-ms="680" status="PASS">
          <reporter-output>
          </reporter-output>
        </test-method> <!-- endReport -->
      </class> <!-- com.testcases.Login -->
      <class name="com.testcases.CreateLead">
        <test-method is-config="true" signature="setValues()[pri:0, instance:com.testcases.CreateLead@536f2a7e]" started-at="2023-11-23T12:51:35 JST" name="setValues" finished-at="2023-11-23T12:51:35 JST" duration-ms="0" status="PASS">
          <reporter-output>
          </reporter-output>
        </test-method> <!-- setValues -->
        <test-method is-config="true" signature="setUpClass(org.testng.ITestContext)[pri:0, instance:com.testcases.CreateLead@536f2a7e]" started-at="2023-11-23T12:51:45 JST" name="setUpClass" finished-at="2023-11-23T12:51:45 JST" duration-ms="24" status="PASS">
          <params>
            <param index="0">
              <value>
                <![CDATA[org.testng.TestRunner@47c81e89]]>
              </value>
            </param>
          </params>
          <reporter-output>
          </reporter-output>
        </test-method> <!-- setUpClass -->
        <test-method is-config="true" signature="testDetails()[pri:0, instance:com.testcases.CreateLead@536f2a7e]" started-at="2023-11-23T12:51:45 JST" name="testDetails" finished-at="2023-11-23T12:51:45 JST" duration-ms="1" status="PASS">
          <reporter-output>
          </reporter-output>
        </test-method> <!-- testDetails -->
        <test-method is-config="true" signature="preCondition()[pri:0, instance:com.testcases.CreateLead@536f2a7e]" started-at="2023-11-23T12:51:45 JST" name="preCondition" finished-at="2023-11-23T12:51:48 JST" duration-ms="2622" status="PASS">
          <reporter-output>
          </reporter-output>
        </test-method> <!-- preCondition -->
        <test-method signature="runScenario(io.cucumber.testng.PickleWrapper,io.cucumber.testng.FeatureWrapper)[pri:0, instance:com.testcases.CreateLead@536f2a7e]" started-at="2023-11-23T12:51:48 JST" name="runScenario" description="Runs Cucumber Scenarios" data-provider="scenarios" finished-at="2023-11-23T12:51:59 JST" duration-ms="11126" status="PASS">
          <params>
            <param index="0">
              <value>
                <![CDATA["CreateLead with mandatory fields"]]>
              </value>
            </param>
            <param index="1">
              <value>
                <![CDATA["CreateLead Functionality"]]>
              </value>
            </param>
          </params>
          <reporter-output>
          </reporter-output>
        </test-method> <!-- runScenario -->
        <test-method is-config="true" signature="postCondition()[pri:0, instance:com.testcases.CreateLead@536f2a7e]" started-at="2023-11-23T12:51:59 JST" name="postCondition" finished-at="2023-11-23T12:51:59 JST" duration-ms="145" status="PASS">
          <reporter-output>
          </reporter-output>
        </test-method> <!-- postCondition -->
        <test-method is-config="true" signature="preCondition()[pri:0, instance:com.testcases.CreateLead@536f2a7e]" started-at="2023-11-23T12:51:59 JST" name="preCondition" finished-at="2023-11-23T12:52:02 JST" duration-ms="2561" status="PASS">
          <reporter-output>
          </reporter-output>
        </test-method> <!-- preCondition -->
        <test-method signature="runScenario(io.cucumber.testng.PickleWrapper,io.cucumber.testng.FeatureWrapper)[pri:0, instance:com.testcases.CreateLead@536f2a7e]" started-at="2023-11-23T12:52:02 JST" name="runScenario" description="Runs Cucumber Scenarios" data-provider="scenarios" finished-at="2023-11-23T12:52:13 JST" duration-ms="10998" status="PASS">
          <params>
            <param index="0">
              <value>
                <![CDATA["CreateLead with mandatory fields"]]>
              </value>
            </param>
            <param index="1">
              <value>
                <![CDATA["CreateLead Functionality"]]>
              </value>
            </param>
          </params>
          <reporter-output>
          </reporter-output>
        </test-method> <!-- runScenario -->
        <test-method is-config="true" signature="postCondition()[pri:0, instance:com.testcases.CreateLead@536f2a7e]" started-at="2023-11-23T12:52:13 JST" name="postCondition" finished-at="2023-11-23T12:52:13 JST" duration-ms="118" status="PASS">
          <reporter-output>
          </reporter-output>
        </test-method> <!-- postCondition -->
        <test-method is-config="true" signature="tearDownClass()[pri:0, instance:com.testcases.CreateLead@536f2a7e]" started-at="2023-11-23T12:52:13 JST" name="tearDownClass" finished-at="2023-11-23T12:52:15 JST" duration-ms="2488" status="PASS">
          <reporter-output>
          </reporter-output>
        </test-method> <!-- tearDownClass -->
      </class> <!-- com.testcases.CreateLead -->
      <class name="com.testcases.DeleteLead">
        <test-method is-config="true" signature="setValues()[pri:0, instance:com.testcases.DeleteLead@66982506]" started-at="2023-11-23T12:51:35 JST" name="setValues" finished-at="2023-11-23T12:51:35 JST" duration-ms="0" status="PASS">
          <reporter-output>
          </reporter-output>
        </test-method> <!-- setValues -->
        <test-method is-config="true" signature="setUpClass(org.testng.ITestContext)[pri:0, instance:com.testcases.DeleteLead@66982506]" started-at="2023-11-23T12:52:52 JST" name="setUpClass" finished-at="2023-11-23T12:52:52 JST" duration-ms="32" status="PASS">
          <params>
            <param index="0">
              <value>
                <![CDATA[org.testng.TestRunner@47c81e89]]>
              </value>
            </param>
          </params>
          <reporter-output>
          </reporter-output>
        </test-method> <!-- setUpClass -->
        <test-method is-config="true" signature="preCondition()[pri:0, instance:com.testcases.DeleteLead@66982506]" started-at="2023-11-23T12:52:52 JST" name="preCondition" finished-at="2023-11-23T12:52:55 JST" duration-ms="2804" status="PASS">
          <reporter-output>
          </reporter-output>
        </test-method> <!-- preCondition -->
        <test-method is-config="true" signature="testDetails()[pri:0, instance:com.testcases.DeleteLead@66982506]" started-at="2023-11-23T12:52:52 JST" name="testDetails" finished-at="2023-11-23T12:52:52 JST" duration-ms="0" status="PASS">
          <reporter-output>
          </reporter-output>
        </test-method> <!-- testDetails -->
        <test-method signature="runScenario(io.cucumber.testng.PickleWrapper,io.cucumber.testng.FeatureWrapper)[pri:0, instance:com.testcases.DeleteLead@66982506]" started-at="2023-11-23T12:52:55 JST" name="runScenario" description="Runs Cucumber Scenarios" data-provider="scenarios" finished-at="2023-11-23T12:53:08 JST" duration-ms="13273" status="PASS">
          <params>
            <param index="0">
              <value>
                <![CDATA["Edit  Companyname in Leads"]]>
              </value>
            </param>
            <param index="1">
              <value>
                <![CDATA["EditLead Functionality"]]>
              </value>
            </param>
          </params>
          <reporter-output>
          </reporter-output>
        </test-method> <!-- runScenario -->
        <test-method is-config="true" signature="postCondition()[pri:0, instance:com.testcases.DeleteLead@66982506]" started-at="2023-11-23T12:53:08 JST" name="postCondition" finished-at="2023-11-23T12:53:08 JST" duration-ms="130" status="PASS">
          <reporter-output>
          </reporter-output>
        </test-method> <!-- postCondition -->
        <test-method is-config="true" signature="preCondition()[pri:0, instance:com.testcases.DeleteLead@66982506]" started-at="2023-11-23T12:53:08 JST" name="preCondition" finished-at="2023-11-23T12:53:11 JST" duration-ms="2839" status="PASS">
          <reporter-output>
          </reporter-output>
        </test-method> <!-- preCondition -->
        <test-method signature="runScenario(io.cucumber.testng.PickleWrapper,io.cucumber.testng.FeatureWrapper)[pri:0, instance:com.testcases.DeleteLead@66982506]" started-at="2023-11-23T12:53:11 JST" name="runScenario" description="Runs Cucumber Scenarios" data-provider="scenarios" finished-at="2023-11-23T12:53:24 JST" duration-ms="13352" status="PASS">
          <params>
            <param index="0">
              <value>
                <![CDATA["Edit  Companyname in Leads"]]>
              </value>
            </param>
            <param index="1">
              <value>
                <![CDATA["EditLead Functionality"]]>
              </value>
            </param>
          </params>
          <reporter-output>
          </reporter-output>
        </test-method> <!-- runScenario -->
        <test-method is-config="true" signature="postCondition()[pri:0, instance:com.testcases.DeleteLead@66982506]" started-at="2023-11-23T12:53:24 JST" name="postCondition" finished-at="2023-11-23T12:53:24 JST" duration-ms="117" status="PASS">
          <reporter-output>
          </reporter-output>
        </test-method> <!-- postCondition -->
        <test-method is-config="true" signature="tearDownClass()[pri:0, instance:com.testcases.DeleteLead@66982506]" started-at="2023-11-23T12:53:24 JST" name="tearDownClass" finished-at="2023-11-23T12:53:27 JST" duration-ms="2741" status="PASS">
          <reporter-output>
          </reporter-output>
        </test-method> <!-- tearDownClass -->
      </class> <!-- com.testcases.DeleteLead -->
    </test> <!-- Test -->
  </suite> <!-- Suite -->
</testng-results>
