<?xml version="1.0" encoding="UTF-8"?>
<testng-results ignored="0" total="2" passed="2" failed="0" skipped="0">
  <reporter-output>
  </reporter-output>
  <suite started-at="2023-12-17T15:57:47 JST" name="Suite" finished-at="2023-12-17T15:58:25 JST" duration-ms="38514">
    <groups>
      <group name="cucumber">
        <method signature="AbstractTestNGCucumberTests.runScenario(io.cucumber.testng.PickleWrapper,io.cucumber.testng.FeatureWrapper)[pri:0, instance:com.testcases.EditLead@533bda92]" name="runScenario" class="io.cucumber.testng.AbstractTestNGCucumberTests"/>
      </group> <!-- cucumber -->
    </groups>
    <test started-at="2023-12-17T15:57:47 JST" name="Test" finished-at="2023-12-17T15:58:25 JST" duration-ms="38514">
      <class name="com.testcases.EditLead">
        <test-method is-config="true" signature="startReport()[pri:0, instance:com.testcases.EditLead@533bda92]" started-at="2023-12-17T15:57:46 JST" name="startReport" finished-at="2023-12-17T15:57:47 JST" duration-ms="474" status="PASS">
          <reporter-output>
          </reporter-output>
        </test-method> <!-- startReport -->
        <test-method is-config="true" signature="setValues()[pri:0, instance:com.testcases.EditLead@533bda92]" started-at="2023-12-17T15:57:47 JST" name="setValues" finished-at="2023-12-17T15:57:47 JST" duration-ms="0" status="PASS">
          <reporter-output>
          </reporter-output>
        </test-method> <!-- setValues -->
        <test-method is-config="true" signature="setUpClass(org.testng.ITestContext)[pri:0, instance:com.testcases.EditLead@533bda92]" started-at="2023-12-17T15:57:47 JST" name="setUpClass" finished-at="2023-12-17T15:57:47 JST" duration-ms="497" status="PASS">
          <params>
            <param index="0">
              <value>
                <![CDATA[org.testng.TestRunner@4c2c44e8]]>
              </value>
            </param>
          </params>
          <reporter-output>
          </reporter-output>
        </test-method> <!-- setUpClass -->
        <test-method is-config="true" signature="testDetails()[pri:0, instance:com.testcases.EditLead@533bda92]" started-at="2023-12-17T15:57:47 JST" name="testDetails" finished-at="2023-12-17T15:57:47 JST" duration-ms="6" status="PASS">
          <reporter-output>
          </reporter-output>
        </test-method> <!-- testDetails -->
        <test-method is-config="true" signature="preCondition()[pri:0, instance:com.testcases.EditLead@533bda92]" started-at="2023-12-17T15:57:47 JST" name="preCondition" finished-at="2023-12-17T15:57:54 JST" duration-ms="7005" status="PASS">
          <reporter-output>
          </reporter-output>
        </test-method> <!-- preCondition -->
        <test-method signature="runScenario(io.cucumber.testng.PickleWrapper,io.cucumber.testng.FeatureWrapper)[pri:0, instance:com.testcases.EditLead@533bda92]" started-at="2023-12-17T15:57:54 JST" name="runScenario" description="Runs Cucumber Scenarios" data-provider="scenarios" finished-at="2023-12-17T15:58:05 JST" duration-ms="11296" status="PASS">
          <params>
            <param index="0">
              <value>
                <![CDATA["Edit  Companyname in Leads"]]>
              </value>
            </param>
            <param index="1">
              <value>
                <![CDATA["EditLead Functionality"]]>
              </value>
            </param>
          </params>
          <reporter-output>
          </reporter-output>
        </test-method> <!-- runScenario -->
        <test-method is-config="true" signature="postCondition()[pri:0, instance:com.testcases.EditLead@533bda92]" started-at="2023-12-17T15:58:05 JST" name="postCondition" finished-at="2023-12-17T15:58:05 JST" duration-ms="106" status="PASS">
          <reporter-output>
          </reporter-output>
        </test-method> <!-- postCondition -->
        <test-method is-config="true" signature="preCondition()[pri:0, instance:com.testcases.EditLead@533bda92]" started-at="2023-12-17T15:58:05 JST" name="preCondition" finished-at="2023-12-17T15:58:11 JST" duration-ms="5662" status="PASS">
          <reporter-output>
          </reporter-output>
        </test-method> <!-- preCondition -->
        <test-method signature="runScenario(io.cucumber.testng.PickleWrapper,io.cucumber.testng.FeatureWrapper)[pri:0, instance:com.testcases.EditLead@533bda92]" started-at="2023-12-17T15:58:11 JST" name="runScenario" description="Runs Cucumber Scenarios" data-provider="scenarios" finished-at="2023-12-17T15:58:22 JST" duration-ms="11280" status="PASS">
          <params>
            <param index="0">
              <value>
                <![CDATA["Edit  Companyname in Leads"]]>
              </value>
            </param>
            <param index="1">
              <value>
                <![CDATA["EditLead Functionality"]]>
              </value>
            </param>
          </params>
          <reporter-output>
          </reporter-output>
        </test-method> <!-- runScenario -->
        <test-method is-config="true" signature="postCondition()[pri:0, instance:com.testcases.EditLead@533bda92]" started-at="2023-12-17T15:58:22 JST" name="postCondition" finished-at="2023-12-17T15:58:22 JST" duration-ms="94" status="PASS">
          <reporter-output>
          </reporter-output>
        </test-method> <!-- postCondition -->
        <test-method is-config="true" signature="tearDownClass()[pri:0, instance:com.testcases.EditLead@533bda92]" started-at="2023-12-17T15:58:22 JST" name="tearDownClass" finished-at="2023-12-17T15:58:25 JST" duration-ms="2523" status="PASS">
          <reporter-output>
          </reporter-output>
        </test-method> <!-- tearDownClass -->
        <test-method is-config="true" signature="endReport()[pri:0, instance:com.testcases.EditLead@533bda92]" started-at="2023-12-17T15:58:25 JST" name="endReport" finished-at="2023-12-17T15:58:25 JST" duration-ms="418" status="PASS">
          <reporter-output>
          </reporter-output>
        </test-method> <!-- endReport -->
      </class> <!-- com.testcases.EditLead -->
    </test> <!-- Test -->
  </suite> <!-- Suite -->
</testng-results>
